Flat profile:

Each sample counts as 0.01 seconds.
  %   cumulative   self              self     total           
 time   seconds   seconds    calls   s/call   s/call  name    
 94.67      1.24     1.24        1     1.24     1.24  sparseSA::print_match(match_t, std::vector<match_t, std::allocator<match_t> >&)
  2.29      1.27     0.03                             query_thread(void*)
  1.53      1.29     0.02    65367     0.00     0.00  std::__detail::_Map_base<std::string, std::pair<std::string const, interval_t>, std::allocator<std::pair<std::string const, interval_t> >, std::__detail::_Select1st, std::equal_to<std::string>, hashMmH3, std::__detail::_Mod_range_hashing, std::__detail::_Default_ranged_hash, std::__detail::_Prime_rehash_policy, std::__detail::_Hashtable_traits<true, false, true>, true>::operator[](std::string const&)
  1.53      1.31     0.02        1     0.02     0.04  sparseSA::sparseSA(std::string&, std::vector<std::string, std::allocator<std::string> >&, std::vector<long long, std::allocator<long long> >&, bool, long long, bool, bool, int, bool)
  0.00      1.31     0.00    78551     0.00     0.00  trim(std::string&, long&, long&)
  0.00      1.31     0.00    65367     0.00     0.00  std::_Hashtable<std::string, std::pair<std::string const, interval_t>, std::allocator<std::pair<std::string const, interval_t> >, std::__detail::_Select1st, std::equal_to<std::string>, hashMmH3, std::__detail::_Mod_range_hashing, std::__detail::_Default_ranged_hash, std::__detail::_Prime_rehash_policy, std::__detail::_Hashtable_traits<true, false, true> >::_M_insert_unique_node(unsigned long, unsigned long, std::__detail::_Hash_node<std::pair<std::string const, interval_t>, true>*)
  0.00      1.31     0.00    19018     0.00     0.00  void std::__adjust_heap<match_t*, long, match_t, by_ref>(match_t*, long, long, match_t, by_ref)
  0.00      1.31     0.00       34     0.00     0.00  void std::vector<match_t, std::allocator<match_t> >::_M_emplace_back_aux<match_t const&>(match_t const&&&)
  0.00      1.31     0.00       17     0.00     0.00  void std::vector<vec_uchar::item_t, std::allocator<vec_uchar::item_t> >::_M_emplace_back_aux<vec_uchar::item_t>(vec_uchar::item_t&&)
  0.00      1.31     0.00       15     0.00     0.00  void std::__push_heap<__gnu_cxx::__normal_iterator<std::pair<match_t, long>*, std::vector<std::pair<match_t, long>, std::allocator<std::pair<match_t, long> > > >, long, std::pair<match_t, long>, __gnu_parallel::_LexicographicReverse<match_t, long, by_ref> >(__gnu_cxx::__normal_iterator<std::pair<match_t, long>*, std::vector<std::pair<match_t, long>, std::allocator<std::pair<match_t, long> > > >, long, long, std::pair<match_t, long>, __gnu_parallel::_LexicographicReverse<match_t, long, by_ref>)
  0.00      1.31     0.00       12     0.00     0.00  void std::vector<std::pair<match_t, long>, std::allocator<std::pair<match_t, long> > >::_M_emplace_back_aux<std::pair<match_t, long> >(std::pair<match_t, long>&&)
  0.00      1.31     0.00        5     0.00     0.00  void std::__adjust_heap<__gnu_cxx::__normal_iterator<std::pair<match_t, long>*, std::vector<std::pair<match_t, long>, std::allocator<std::pair<match_t, long> > > >, long, std::pair<match_t, long>, __gnu_parallel::_LexicographicReverse<match_t, long, by_ref> >(__gnu_cxx::__normal_iterator<std::pair<match_t, long>*, std::vector<std::pair<match_t, long>, std::allocator<std::pair<match_t, long> > > >, long, long, std::pair<match_t, long>, __gnu_parallel::_LexicographicReverse<match_t, long, by_ref>)
  0.00      1.31     0.00        4     0.00     0.00  sparseSA::MEM(std::string&, std::vector<match_t, std::allocator<match_t> >&, long long, bool, long long&, int)
  0.00      1.31     0.00        4     0.00     0.00  void std::__push_heap<__gnu_cxx::__normal_iterator<std::pair<match_t, long>*, std::vector<std::pair<match_t, long>, std::allocator<std::pair<match_t, long> > > >, long, std::pair<match_t, long>, __gnu_parallel::_Lexicographic<match_t, long, by_ref> >(__gnu_cxx::__normal_iterator<std::pair<match_t, long>*, std::vector<std::pair<match_t, long>, std::allocator<std::pair<match_t, long> > > >, long, long, std::pair<match_t, long>, __gnu_parallel::_Lexicographic<match_t, long, by_ref>)
  0.00      1.31     0.00        2     0.00     0.00  void std::vector<match_t, std::allocator<match_t> >::_M_range_insert<__gnu_cxx::__normal_iterator<match_t*, std::vector<match_t, std::allocator<match_t> > > >(__gnu_cxx::__normal_iterator<match_t*, std::vector<match_t, std::allocator<match_t> > >, __gnu_cxx::__normal_iterator<match_t*, std::vector<match_t, std::allocator<match_t> > >, __gnu_cxx::__normal_iterator<match_t*, std::vector<match_t, std::allocator<match_t> > >, std::forward_iterator_tag)
  0.00      1.31     0.00        2     0.00     0.00  std::vector<__gnu_parallel::_Piece<long>, std::allocator<__gnu_parallel::_Piece<long> > >::_M_default_append(unsigned long)
  0.00      1.31     0.00        1     0.00     0.00  _GLOBAL__sub_I__Z18reverse_complementRSsb
  0.00      1.31     0.00        1     0.00     0.00  _GLOBAL__sub_I_cout_mutex
  0.00      1.31     0.00        1     0.00     0.00  _GLOBAL__sub_I_min_len
  0.00      1.31     0.00        1     0.00     0.00  suffixsort(int*, int*, int, int, int)
  0.00      1.31     0.00        1     0.00     1.24  MEMthread(void*)
  0.00      1.31     0.00        1     0.00     0.00  void __gnu_parallel::multiseq_partition<__gnu_cxx::__normal_iterator<std::pair<match_t*, match_t*>*, std::vector<std::pair<match_t*, match_t*>, std::allocator<std::pair<match_t*, match_t*> > > >, long, __gnu_cxx::__normal_iterator<match_t**, std::vector<match_t*, std::allocator<match_t*> > >, by_ref>(__gnu_cxx::__normal_iterator<std::pair<match_t*, match_t*>*, std::vector<std::pair<match_t*, match_t*>, std::allocator<std::pair<match_t*, match_t*> > > >, __gnu_cxx::__normal_iterator<std::pair<match_t*, match_t*>*, std::vector<std::pair<match_t*, match_t*>, std::allocator<std::pair<match_t*, match_t*> > > >, long, __gnu_cxx::__normal_iterator<match_t**, std::vector<match_t*, std::allocator<match_t*> > >, by_ref)
  0.00      1.31     0.00        1     0.00     0.00  void __gnu_parallel::parallel_sort_mwms<false, true, __gnu_cxx::__normal_iterator<match_t*, std::vector<match_t, std::allocator<match_t> > >, by_ref>(__gnu_cxx::__normal_iterator<match_t*, std::vector<match_t, std::allocator<match_t> > >, __gnu_cxx::__normal_iterator<match_t*, std::vector<match_t, std::allocator<match_t> > >, by_ref, unsigned short)
  0.00      1.31     0.00        1     0.00     0.00  void __gnu_parallel::parallel_sort_mwms_pu<false, true, __gnu_cxx::__normal_iterator<match_t*, std::vector<match_t, std::allocator<match_t> > >, by_ref>(__gnu_parallel::_PMWMSSortingData<__gnu_cxx::__normal_iterator<match_t*, std::vector<match_t, std::allocator<match_t> > > >*, by_ref&)
  0.00      1.31     0.00        1     0.00     0.00  __gnu_cxx::__normal_iterator<match_t*, std::vector<match_t, std::allocator<match_t> > > __gnu_parallel::__sequential_multiway_merge<false, false, __gnu_cxx::__normal_iterator<std::pair<match_t*, match_t*>*, std::vector<std::pair<match_t*, match_t*>, std::allocator<std::pair<match_t*, match_t*> > > >, __gnu_cxx::__normal_iterator<match_t*, std::vector<match_t, std::allocator<match_t> > >, long, by_ref>(__gnu_cxx::__normal_iterator<std::pair<match_t*, match_t*>*, std::vector<std::pair<match_t*, match_t*>, std::allocator<std::pair<match_t*, match_t*> > > >, __gnu_cxx::__normal_iterator<std::pair<match_t*, match_t*>*, std::vector<std::pair<match_t*, match_t*>, std::allocator<std::pair<match_t*, match_t*> > > >, __gnu_cxx::__normal_iterator<match_t*, std::vector<match_t, std::allocator<match_t> > >, std::iterator_traits<std::iterator_traits<__gnu_cxx::__normal_iterator<std::pair<match_t*, match_t*>*, std::vector<std::pair<match_t*, match_t*>, std::allocator<std::pair<match_t*, match_t*> > > > >::value_type::first_type>::value_type const&, long, by_ref)
  0.00      1.31     0.00        1     0.00     1.24  sparseSA::MUMParallel(std::string&, int, std::vector<match_t, std::allocator<match_t> >&, long long, long long&, bool)
  0.00      1.31     0.00        1     0.00     0.00  sparseSA::~sparseSA()
  0.00      1.31     0.00        1     0.00     0.00  std::vector<std::string, std::allocator<std::string> >::~vector()
  0.00      1.31     0.00        1     0.00     0.00  void std::__adjust_heap<__gnu_cxx::__normal_iterator<std::pair<match_t, long>*, std::vector<std::pair<match_t, long>, std::allocator<std::pair<match_t, long> > > >, long, std::pair<match_t, long>, __gnu_parallel::_Lexicographic<match_t, long, by_ref> >(__gnu_cxx::__normal_iterator<std::pair<match_t, long>*, std::vector<std::pair<match_t, long>, std::allocator<std::pair<match_t, long> > > >, long, long, std::pair<match_t, long>, __gnu_parallel::_Lexicographic<match_t, long, by_ref>)
  0.00      1.31     0.00        1     0.00     0.00  void std::__insertion_sort<__gnu_cxx::__normal_iterator<std::pair<match_t, long>*, std::vector<std::pair<match_t, long>, std::allocator<std::pair<match_t, long> > > >, __gnu_parallel::_Lexicographic<match_t, long, by_ref> >(__gnu_cxx::__normal_iterator<std::pair<match_t, long>*, std::vector<std::pair<match_t, long>, std::allocator<std::pair<match_t, long> > > >, __gnu_cxx::__normal_iterator<std::pair<match_t, long>*, std::vector<std::pair<match_t, long>, std::allocator<std::pair<match_t, long> > > >, __gnu_parallel::_Lexicographic<match_t, long, by_ref>)
  0.00      1.31     0.00        1     0.00     0.00  void std::__insertion_sort<match_t*, by_ref>(match_t*, match_t*, by_ref)
  0.00      1.31     0.00        1     0.00     0.00  void std::__introsort_loop<__gnu_cxx::__normal_iterator<std::pair<match_t, long>*, std::vector<std::pair<match_t, long>, std::allocator<std::pair<match_t, long> > > >, long, __gnu_parallel::_Lexicographic<match_t, long, by_ref> >(__gnu_cxx::__normal_iterator<std::pair<match_t, long>*, std::vector<std::pair<match_t, long>, std::allocator<std::pair<match_t, long> > > >, __gnu_cxx::__normal_iterator<std::pair<match_t, long>*, std::vector<std::pair<match_t, long>, std::allocator<std::pair<match_t, long> > > >, long, __gnu_parallel::_Lexicographic<match_t, long, by_ref>)
  0.00      1.31     0.00        1     0.00     0.00  void std::make_heap<__gnu_cxx::__normal_iterator<std::pair<match_t, long>*, std::vector<std::pair<match_t, long>, std::allocator<std::pair<match_t, long> > > >, __gnu_parallel::_Lexicographic<match_t, long, by_ref> >(__gnu_cxx::__normal_iterator<std::pair<match_t, long>*, std::vector<std::pair<match_t, long>, std::allocator<std::pair<match_t, long> > > >, __gnu_cxx::__normal_iterator<std::pair<match_t, long>*, std::vector<std::pair<match_t, long>, std::allocator<std::pair<match_t, long> > > >, __gnu_parallel::_Lexicographic<match_t, long, by_ref>)

 %         the percentage of the total running time of the
time       program used by this function.

cumulative a running sum of the number of seconds accounted
 seconds   for by this function and those listed above it.

 self      the number of seconds accounted for by this
seconds    function alone.  This is the major sort for this
           listing.

calls      the number of times this function was invoked, if
           this function is profiled, else blank.
 
 self      the average number of milliseconds spent in this
ms/call    function per call, if this function is profiled,
	   else blank.

 total     the average number of milliseconds spent in this
ms/call    function and its descendents per call, if this 
	   function is profiled, else blank.

name       the name of the function.  This is the minor sort
           for this listing. The index shows the location of
	   the function in the gprof listing. If the index is
	   in parenthesis it shows where it would appear in
	   the gprof listing if it were to be printed.

		     Call graph (explanation follows)


granularity: each sample hit covers 2 byte(s) for 0.76% of 1.31 seconds

index % time    self  children    called     name
                                                 <spontaneous>
[1]     96.9    0.03    1.24                 query_thread(void*) [1]
                0.00    1.24       1/1           sparseSA::MUMParallel(std::string&, int, std::vector<match_t, std::allocator<match_t> >&, long long, long long&, bool) [3]
                0.00    0.00   78551/78551       trim(std::string&, long&, long&) [15]
-----------------------------------------------
                0.00    1.24       1/1           sparseSA::MUMParallel(std::string&, int, std::vector<match_t, std::allocator<match_t> >&, long long, long long&, bool) [3]
[2]     94.7    0.00    1.24       1         MEMthread(void*) [2]
                1.24    0.00       1/1           sparseSA::print_match(match_t, std::vector<match_t, std::allocator<match_t> >&) [4]
                0.00    0.00       2/2           void std::vector<match_t, std::allocator<match_t> >::_M_range_insert<__gnu_cxx::__normal_iterator<match_t*, std::vector<match_t, std::allocator<match_t> > > >(__gnu_cxx::__normal_iterator<match_t*, std::vector<match_t, std::allocator<match_t> > >, __gnu_cxx::__normal_iterator<match_t*, std::vector<match_t, std::allocator<match_t> > >, __gnu_cxx::__normal_iterator<match_t*, std::vector<match_t, std::allocator<match_t> > >, std::forward_iterator_tag) [25]
-----------------------------------------------
                0.00    1.24       1/1           query_thread(void*) [1]
[3]     94.7    0.00    1.24       1         sparseSA::MUMParallel(std::string&, int, std::vector<match_t, std::allocator<match_t> >&, long long, long long&, bool) [3]
                0.00    1.24       1/1           MEMthread(void*) [2]
                0.00    0.00      17/34          void std::vector<match_t, std::allocator<match_t> >::_M_emplace_back_aux<match_t const&>(match_t const&&&) [18]
                0.00    0.00       1/1           sparseSA::MEM(std::string&, std::vector<match_t, std::allocator<match_t> >&, long long, bool, long long&, int) <cycle 1> [23]
-----------------------------------------------
                1.24    0.00       1/1           MEMthread(void*) [2]
[4]     94.7    1.24    0.00       1         sparseSA::print_match(match_t, std::vector<match_t, std::allocator<match_t> >&) [4]
                0.00    0.00      17/34          void std::vector<match_t, std::allocator<match_t> >::_M_emplace_back_aux<match_t const&>(match_t const&&&) [18]
-----------------------------------------------
                                                 <spontaneous>
[5]      3.1    0.00    0.04                 main [5]
                0.02    0.02       1/1           sparseSA::sparseSA(std::string&, std::vector<std::string, std::allocator<std::string> >&, std::vector<long long, std::allocator<long long> >&, bool, long long, bool, bool, int, bool) [6]
                0.00    0.00       1/1           sparseSA::~sparseSA() [35]
                0.00    0.00       1/1           std::vector<std::string, std::allocator<std::string> >::~vector() [36]
-----------------------------------------------
                0.02    0.02       1/1           main [5]
[6]      3.1    0.02    0.02       1         sparseSA::sparseSA(std::string&, std::vector<std::string, std::allocator<std::string> >&, std::vector<long long, std::allocator<long long> >&, bool, long long, bool, bool, int, bool) [6]
                0.02    0.00   65367/65367       std::__detail::_Map_base<std::string, std::pair<std::string const, interval_t>, std::allocator<std::pair<std::string const, interval_t> >, std::__detail::_Select1st, std::equal_to<std::string>, hashMmH3, std::__detail::_Mod_range_hashing, std::__detail::_Default_ranged_hash, std::__detail::_Prime_rehash_policy, std::__detail::_Hashtable_traits<true, false, true>, true>::operator[](std::string const&) [7]
                0.00    0.00      17/17          void std::vector<vec_uchar::item_t, std::allocator<vec_uchar::item_t> >::_M_emplace_back_aux<vec_uchar::item_t>(vec_uchar::item_t&&) [19]
-----------------------------------------------
                0.02    0.00   65367/65367       sparseSA::sparseSA(std::string&, std::vector<std::string, std::allocator<std::string> >&, std::vector<long long, std::allocator<long long> >&, bool, long long, bool, bool, int, bool) [6]
[7]      1.5    0.02    0.00   65367         std::__detail::_Map_base<std::string, std::pair<std::string const, interval_t>, std::allocator<std::pair<std::string const, interval_t> >, std::__detail::_Select1st, std::equal_to<std::string>, hashMmH3, std::__detail::_Mod_range_hashing, std::__detail::_Default_ranged_hash, std::__detail::_Prime_rehash_policy, std::__detail::_Hashtable_traits<true, false, true>, true>::operator[](std::string const&) [7]
                0.00    0.00   65367/65367       std::_Hashtable<std::string, std::pair<std::string const, interval_t>, std::allocator<std::pair<std::string const, interval_t> >, std::__detail::_Select1st, std::equal_to<std::string>, hashMmH3, std::__detail::_Mod_range_hashing, std::__detail::_Default_ranged_hash, std::__detail::_Prime_rehash_policy, std::__detail::_Hashtable_traits<true, false, true> >::_M_insert_unique_node(unsigned long, unsigned long, std::__detail::_Hash_node<std::pair<std::string const, interval_t>, true>*) [16]
-----------------------------------------------
[8]      0.0    0.00    0.00       1+5       <cycle 1 as a whole> [8]
                0.00    0.00       4+4620        sparseSA::MEM(std::string&, std::vector<match_t, std::allocator<match_t> >&, long long, bool, long long&, int) <cycle 1> [23]
                0.00    0.00       1             void __gnu_parallel::parallel_sort_mwms<false, true, __gnu_cxx::__normal_iterator<match_t*, std::vector<match_t, std::allocator<match_t> > >, by_ref>(__gnu_cxx::__normal_iterator<match_t*, std::vector<match_t, std::allocator<match_t> > >, __gnu_cxx::__normal_iterator<match_t*, std::vector<match_t, std::allocator<match_t> > >, by_ref, unsigned short) <cycle 1> [32]
                0.00    0.00       1             void __gnu_parallel::parallel_sort_mwms_pu<false, true, __gnu_cxx::__normal_iterator<match_t*, std::vector<match_t, std::allocator<match_t> > >, by_ref>(__gnu_parallel::_PMWMSSortingData<__gnu_cxx::__normal_iterator<match_t*, std::vector<match_t, std::allocator<match_t> > > >*, by_ref&) <cycle 1> [33]
-----------------------------------------------
                0.00    0.00   78551/78551       query_thread(void*) [1]
[15]     0.0    0.00    0.00   78551         trim(std::string&, long&, long&) [15]
-----------------------------------------------
                0.00    0.00   65367/65367       std::__detail::_Map_base<std::string, std::pair<std::string const, interval_t>, std::allocator<std::pair<std::string const, interval_t> >, std::__detail::_Select1st, std::equal_to<std::string>, hashMmH3, std::__detail::_Mod_range_hashing, std::__detail::_Default_ranged_hash, std::__detail::_Prime_rehash_policy, std::__detail::_Hashtable_traits<true, false, true>, true>::operator[](std::string const&) [7]
[16]     0.0    0.00    0.00   65367         std::_Hashtable<std::string, std::pair<std::string const, interval_t>, std::allocator<std::pair<std::string const, interval_t> >, std::__detail::_Select1st, std::equal_to<std::string>, hashMmH3, std::__detail::_Mod_range_hashing, std::__detail::_Default_ranged_hash, std::__detail::_Prime_rehash_policy, std::__detail::_Hashtable_traits<true, false, true> >::_M_insert_unique_node(unsigned long, unsigned long, std::__detail::_Hash_node<std::pair<std::string const, interval_t>, true>*) [16]
-----------------------------------------------
                0.00    0.00   19018/19018       sparseSA::MEM(std::string&, std::vector<match_t, std::allocator<match_t> >&, long long, bool, long long&, int) <cycle 1> [23]
[17]     0.0    0.00    0.00   19018         void std::__adjust_heap<match_t*, long, match_t, by_ref>(match_t*, long, long, match_t, by_ref) [17]
-----------------------------------------------
                0.00    0.00      17/34          sparseSA::print_match(match_t, std::vector<match_t, std::allocator<match_t> >&) [4]
                0.00    0.00      17/34          sparseSA::MUMParallel(std::string&, int, std::vector<match_t, std::allocator<match_t> >&, long long, long long&, bool) [3]
[18]     0.0    0.00    0.00      34         void std::vector<match_t, std::allocator<match_t> >::_M_emplace_back_aux<match_t const&>(match_t const&&&) [18]
-----------------------------------------------
                0.00    0.00      17/17          sparseSA::sparseSA(std::string&, std::vector<std::string, std::allocator<std::string> >&, std::vector<long long, std::allocator<long long> >&, bool, long long, bool, bool, int, bool) [6]
[19]     0.0    0.00    0.00      17         void std::vector<vec_uchar::item_t, std::allocator<vec_uchar::item_t> >::_M_emplace_back_aux<vec_uchar::item_t>(vec_uchar::item_t&&) [19]
-----------------------------------------------
                0.00    0.00      15/15          void __gnu_parallel::multiseq_partition<__gnu_cxx::__normal_iterator<std::pair<match_t*, match_t*>*, std::vector<std::pair<match_t*, match_t*>, std::allocator<std::pair<match_t*, match_t*> > > >, long, __gnu_cxx::__normal_iterator<match_t**, std::vector<match_t*, std::allocator<match_t*> > >, by_ref>(__gnu_cxx::__normal_iterator<std::pair<match_t*, match_t*>*, std::vector<std::pair<match_t*, match_t*>, std::allocator<std::pair<match_t*, match_t*> > > >, __gnu_cxx::__normal_iterator<std::pair<match_t*, match_t*>*, std::vector<std::pair<match_t*, match_t*>, std::allocator<std::pair<match_t*, match_t*> > > >, long, __gnu_cxx::__normal_iterator<match_t**, std::vector<match_t*, std::allocator<match_t*> > >, by_ref) [31]
[20]     0.0    0.00    0.00      15         void std::__push_heap<__gnu_cxx::__normal_iterator<std::pair<match_t, long>*, std::vector<std::pair<match_t, long>, std::allocator<std::pair<match_t, long> > > >, long, std::pair<match_t, long>, __gnu_parallel::_LexicographicReverse<match_t, long, by_ref> >(__gnu_cxx::__normal_iterator<std::pair<match_t, long>*, std::vector<std::pair<match_t, long>, std::allocator<std::pair<match_t, long> > > >, long, long, std::pair<match_t, long>, __gnu_parallel::_LexicographicReverse<match_t, long, by_ref>) [20]
-----------------------------------------------
                0.00    0.00      12/12          void __gnu_parallel::multiseq_partition<__gnu_cxx::__normal_iterator<std::pair<match_t*, match_t*>*, std::vector<std::pair<match_t*, match_t*>, std::allocator<std::pair<match_t*, match_t*> > > >, long, __gnu_cxx::__normal_iterator<match_t**, std::vector<match_t*, std::allocator<match_t*> > >, by_ref>(__gnu_cxx::__normal_iterator<std::pair<match_t*, match_t*>*, std::vector<std::pair<match_t*, match_t*>, std::allocator<std::pair<match_t*, match_t*> > > >, __gnu_cxx::__normal_iterator<std::pair<match_t*, match_t*>*, std::vector<std::pair<match_t*, match_t*>, std::allocator<std::pair<match_t*, match_t*> > > >, long, __gnu_cxx::__normal_iterator<match_t**, std::vector<match_t*, std::allocator<match_t*> > >, by_ref) [31]
[21]     0.0    0.00    0.00      12         void std::vector<std::pair<match_t, long>, std::allocator<std::pair<match_t, long> > >::_M_emplace_back_aux<std::pair<match_t, long> >(std::pair<match_t, long>&&) [21]
-----------------------------------------------
                0.00    0.00       5/5           void __gnu_parallel::multiseq_partition<__gnu_cxx::__normal_iterator<std::pair<match_t*, match_t*>*, std::vector<std::pair<match_t*, match_t*>, std::allocator<std::pair<match_t*, match_t*> > > >, long, __gnu_cxx::__normal_iterator<match_t**, std::vector<match_t*, std::allocator<match_t*> > >, by_ref>(__gnu_cxx::__normal_iterator<std::pair<match_t*, match_t*>*, std::vector<std::pair<match_t*, match_t*>, std::allocator<std::pair<match_t*, match_t*> > > >, __gnu_cxx::__normal_iterator<std::pair<match_t*, match_t*>*, std::vector<std::pair<match_t*, match_t*>, std::allocator<std::pair<match_t*, match_t*> > > >, long, __gnu_cxx::__normal_iterator<match_t**, std::vector<match_t*, std::allocator<match_t*> > >, by_ref) [31]
[22]     0.0    0.00    0.00       5         void std::__adjust_heap<__gnu_cxx::__normal_iterator<std::pair<match_t, long>*, std::vector<std::pair<match_t, long>, std::allocator<std::pair<match_t, long> > > >, long, std::pair<match_t, long>, __gnu_parallel::_LexicographicReverse<match_t, long, by_ref> >(__gnu_cxx::__normal_iterator<std::pair<match_t, long>*, std::vector<std::pair<match_t, long>, std::allocator<std::pair<match_t, long> > > >, long, long, std::pair<match_t, long>, __gnu_parallel::_LexicographicReverse<match_t, long, by_ref>) [22]
-----------------------------------------------
                                4620             sparseSA::MEM(std::string&, std::vector<match_t, std::allocator<match_t> >&, long long, bool, long long&, int) <cycle 1> [23]
                                   1             void __gnu_parallel::parallel_sort_mwms<false, true, __gnu_cxx::__normal_iterator<match_t*, std::vector<match_t, std::allocator<match_t> > >, by_ref>(__gnu_cxx::__normal_iterator<match_t*, std::vector<match_t, std::allocator<match_t> > >, __gnu_cxx::__normal_iterator<match_t*, std::vector<match_t, std::allocator<match_t> > >, by_ref, unsigned short) <cycle 1> [32]
                                   2             void __gnu_parallel::parallel_sort_mwms_pu<false, true, __gnu_cxx::__normal_iterator<match_t*, std::vector<match_t, std::allocator<match_t> > >, by_ref>(__gnu_parallel::_PMWMSSortingData<__gnu_cxx::__normal_iterator<match_t*, std::vector<match_t, std::allocator<match_t> > > >*, by_ref&) <cycle 1> [33]
                0.00    0.00       1/1           sparseSA::MUMParallel(std::string&, int, std::vector<match_t, std::allocator<match_t> >&, long long, long long&, bool) [3]
[23]     0.0    0.00    0.00       4+4620    sparseSA::MEM(std::string&, std::vector<match_t, std::allocator<match_t> >&, long long, bool, long long&, int) <cycle 1> [23]
                0.00    0.00   19018/19018       void std::__adjust_heap<match_t*, long, match_t, by_ref>(match_t*, long, long, match_t, by_ref) [17]
                0.00    0.00       2/2           std::vector<__gnu_parallel::_Piece<long>, std::allocator<__gnu_parallel::_Piece<long> > >::_M_default_append(unsigned long) [26]
                                   1             void __gnu_parallel::parallel_sort_mwms<false, true, __gnu_cxx::__normal_iterator<match_t*, std::vector<match_t, std::allocator<match_t> > >, by_ref>(__gnu_cxx::__normal_iterator<match_t*, std::vector<match_t, std::allocator<match_t> > >, __gnu_cxx::__normal_iterator<match_t*, std::vector<match_t, std::allocator<match_t> > >, by_ref, unsigned short) <cycle 1> [32]
                                4620             sparseSA::MEM(std::string&, std::vector<match_t, std::allocator<match_t> >&, long long, bool, long long&, int) <cycle 1> [23]
-----------------------------------------------
                0.00    0.00       4/4           void __gnu_parallel::multiseq_partition<__gnu_cxx::__normal_iterator<std::pair<match_t*, match_t*>*, std::vector<std::pair<match_t*, match_t*>, std::allocator<std::pair<match_t*, match_t*> > > >, long, __gnu_cxx::__normal_iterator<match_t**, std::vector<match_t*, std::allocator<match_t*> > >, by_ref>(__gnu_cxx::__normal_iterator<std::pair<match_t*, match_t*>*, std::vector<std::pair<match_t*, match_t*>, std::allocator<std::pair<match_t*, match_t*> > > >, __gnu_cxx::__normal_iterator<std::pair<match_t*, match_t*>*, std::vector<std::pair<match_t*, match_t*>, std::allocator<std::pair<match_t*, match_t*> > > >, long, __gnu_cxx::__normal_iterator<match_t**, std::vector<match_t*, std::allocator<match_t*> > >, by_ref) [31]
[24]     0.0    0.00    0.00       4         void std::__push_heap<__gnu_cxx::__normal_iterator<std::pair<match_t, long>*, std::vector<std::pair<match_t, long>, std::allocator<std::pair<match_t, long> > > >, long, std::pair<match_t, long>, __gnu_parallel::_Lexicographic<match_t, long, by_ref> >(__gnu_cxx::__normal_iterator<std::pair<match_t, long>*, std::vector<std::pair<match_t, long>, std::allocator<std::pair<match_t, long> > > >, long, long, std::pair<match_t, long>, __gnu_parallel::_Lexicographic<match_t, long, by_ref>) [24]
-----------------------------------------------
                0.00    0.00       2/2           MEMthread(void*) [2]
[25]     0.0    0.00    0.00       2         void std::vector<match_t, std::allocator<match_t> >::_M_range_insert<__gnu_cxx::__normal_iterator<match_t*, std::vector<match_t, std::allocator<match_t> > > >(__gnu_cxx::__normal_iterator<match_t*, std::vector<match_t, std::allocator<match_t> > >, __gnu_cxx::__normal_iterator<match_t*, std::vector<match_t, std::allocator<match_t> > >, __gnu_cxx::__normal_iterator<match_t*, std::vector<match_t, std::allocator<match_t> > >, std::forward_iterator_tag) [25]
-----------------------------------------------
                0.00    0.00       2/2           sparseSA::MEM(std::string&, std::vector<match_t, std::allocator<match_t> >&, long long, bool, long long&, int) <cycle 1> [23]
[26]     0.0    0.00    0.00       2         std::vector<__gnu_parallel::_Piece<long>, std::allocator<__gnu_parallel::_Piece<long> > >::_M_default_append(unsigned long) [26]
-----------------------------------------------
                0.00    0.00       1/1           __do_global_ctors_aux [72]
[27]     0.0    0.00    0.00       1         _GLOBAL__sub_I__Z18reverse_complementRSsb [27]
-----------------------------------------------
                0.00    0.00       1/1           __do_global_ctors_aux [72]
[28]     0.0    0.00    0.00       1         _GLOBAL__sub_I_cout_mutex [28]
-----------------------------------------------
                0.00    0.00       1/1           __do_global_ctors_aux [72]
[29]     0.0    0.00    0.00       1         _GLOBAL__sub_I_min_len [29]
-----------------------------------------------
                0.00    0.00       1/1           void std::__insertion_sort<__gnu_cxx::__normal_iterator<std::pair<match_t, long>*, std::vector<std::pair<match_t, long>, std::allocator<std::pair<match_t, long> > > >, __gnu_parallel::_Lexicographic<match_t, long, by_ref> >(__gnu_cxx::__normal_iterator<std::pair<match_t, long>*, std::vector<std::pair<match_t, long>, std::allocator<std::pair<match_t, long> > > >, __gnu_cxx::__normal_iterator<std::pair<match_t, long>*, std::vector<std::pair<match_t, long>, std::allocator<std::pair<match_t, long> > > >, __gnu_parallel::_Lexicographic<match_t, long, by_ref>) [38]
[30]     0.0    0.00    0.00       1         suffixsort(int*, int*, int, int, int) [30]
-----------------------------------------------
                0.00    0.00       1/1           void __gnu_parallel::parallel_sort_mwms_pu<false, true, __gnu_cxx::__normal_iterator<match_t*, std::vector<match_t, std::allocator<match_t> > >, by_ref>(__gnu_parallel::_PMWMSSortingData<__gnu_cxx::__normal_iterator<match_t*, std::vector<match_t, std::allocator<match_t> > > >*, by_ref&) <cycle 1> [33]
[31]     0.0    0.00    0.00       1         void __gnu_parallel::multiseq_partition<__gnu_cxx::__normal_iterator<std::pair<match_t*, match_t*>*, std::vector<std::pair<match_t*, match_t*>, std::allocator<std::pair<match_t*, match_t*> > > >, long, __gnu_cxx::__normal_iterator<match_t**, std::vector<match_t*, std::allocator<match_t*> > >, by_ref>(__gnu_cxx::__normal_iterator<std::pair<match_t*, match_t*>*, std::vector<std::pair<match_t*, match_t*>, std::allocator<std::pair<match_t*, match_t*> > > >, __gnu_cxx::__normal_iterator<std::pair<match_t*, match_t*>*, std::vector<std::pair<match_t*, match_t*>, std::allocator<std::pair<match_t*, match_t*> > > >, long, __gnu_cxx::__normal_iterator<match_t**, std::vector<match_t*, std::allocator<match_t*> > >, by_ref) [31]
                0.00    0.00      15/15          void std::__push_heap<__gnu_cxx::__normal_iterator<std::pair<match_t, long>*, std::vector<std::pair<match_t, long>, std::allocator<std::pair<match_t, long> > > >, long, std::pair<match_t, long>, __gnu_parallel::_LexicographicReverse<match_t, long, by_ref> >(__gnu_cxx::__normal_iterator<std::pair<match_t, long>*, std::vector<std::pair<match_t, long>, std::allocator<std::pair<match_t, long> > > >, long, long, std::pair<match_t, long>, __gnu_parallel::_LexicographicReverse<match_t, long, by_ref>) [20]
                0.00    0.00      12/12          void std::vector<std::pair<match_t, long>, std::allocator<std::pair<match_t, long> > >::_M_emplace_back_aux<std::pair<match_t, long> >(std::pair<match_t, long>&&) [21]
                0.00    0.00       5/5           void std::__adjust_heap<__gnu_cxx::__normal_iterator<std::pair<match_t, long>*, std::vector<std::pair<match_t, long>, std::allocator<std::pair<match_t, long> > > >, long, std::pair<match_t, long>, __gnu_parallel::_LexicographicReverse<match_t, long, by_ref> >(__gnu_cxx::__normal_iterator<std::pair<match_t, long>*, std::vector<std::pair<match_t, long>, std::allocator<std::pair<match_t, long> > > >, long, long, std::pair<match_t, long>, __gnu_parallel::_LexicographicReverse<match_t, long, by_ref>) [22]
                0.00    0.00       4/4           void std::__push_heap<__gnu_cxx::__normal_iterator<std::pair<match_t, long>*, std::vector<std::pair<match_t, long>, std::allocator<std::pair<match_t, long> > > >, long, std::pair<match_t, long>, __gnu_parallel::_Lexicographic<match_t, long, by_ref> >(__gnu_cxx::__normal_iterator<std::pair<match_t, long>*, std::vector<std::pair<match_t, long>, std::allocator<std::pair<match_t, long> > > >, long, long, std::pair<match_t, long>, __gnu_parallel::_Lexicographic<match_t, long, by_ref>) [24]
                0.00    0.00       1/1           void std::__introsort_loop<__gnu_cxx::__normal_iterator<std::pair<match_t, long>*, std::vector<std::pair<match_t, long>, std::allocator<std::pair<match_t, long> > > >, long, __gnu_parallel::_Lexicographic<match_t, long, by_ref> >(__gnu_cxx::__normal_iterator<std::pair<match_t, long>*, std::vector<std::pair<match_t, long>, std::allocator<std::pair<match_t, long> > > >, __gnu_cxx::__normal_iterator<std::pair<match_t, long>*, std::vector<std::pair<match_t, long>, std::allocator<std::pair<match_t, long> > > >, long, __gnu_parallel::_Lexicographic<match_t, long, by_ref>) [40]
                0.00    0.00       1/1           void std::make_heap<__gnu_cxx::__normal_iterator<std::pair<match_t, long>*, std::vector<std::pair<match_t, long>, std::allocator<std::pair<match_t, long> > > >, __gnu_parallel::_Lexicographic<match_t, long, by_ref> >(__gnu_cxx::__normal_iterator<std::pair<match_t, long>*, std::vector<std::pair<match_t, long>, std::allocator<std::pair<match_t, long> > > >, __gnu_cxx::__normal_iterator<std::pair<match_t, long>*, std::vector<std::pair<match_t, long>, std::allocator<std::pair<match_t, long> > > >, __gnu_parallel::_Lexicographic<match_t, long, by_ref>) [41]
                0.00    0.00       1/1           void std::__adjust_heap<__gnu_cxx::__normal_iterator<std::pair<match_t, long>*, std::vector<std::pair<match_t, long>, std::allocator<std::pair<match_t, long> > > >, long, std::pair<match_t, long>, __gnu_parallel::_Lexicographic<match_t, long, by_ref> >(__gnu_cxx::__normal_iterator<std::pair<match_t, long>*, std::vector<std::pair<match_t, long>, std::allocator<std::pair<match_t, long> > > >, long, long, std::pair<match_t, long>, __gnu_parallel::_Lexicographic<match_t, long, by_ref>) [37]
                0.00    0.00       1/1           void std::__insertion_sort<__gnu_cxx::__normal_iterator<std::pair<match_t, long>*, std::vector<std::pair<match_t, long>, std::allocator<std::pair<match_t, long> > > >, __gnu_parallel::_Lexicographic<match_t, long, by_ref> >(__gnu_cxx::__normal_iterator<std::pair<match_t, long>*, std::vector<std::pair<match_t, long>, std::allocator<std::pair<match_t, long> > > >, __gnu_cxx::__normal_iterator<std::pair<match_t, long>*, std::vector<std::pair<match_t, long>, std::allocator<std::pair<match_t, long> > > >, __gnu_parallel::_Lexicographic<match_t, long, by_ref>) [38]
-----------------------------------------------
                                   1             sparseSA::MEM(std::string&, std::vector<match_t, std::allocator<match_t> >&, long long, bool, long long&, int) <cycle 1> [23]
[32]     0.0    0.00    0.00       1         void __gnu_parallel::parallel_sort_mwms<false, true, __gnu_cxx::__normal_iterator<match_t*, std::vector<match_t, std::allocator<match_t> > >, by_ref>(__gnu_cxx::__normal_iterator<match_t*, std::vector<match_t, std::allocator<match_t> > >, __gnu_cxx::__normal_iterator<match_t*, std::vector<match_t, std::allocator<match_t> > >, by_ref, unsigned short) <cycle 1> [32]
                                   1             void __gnu_parallel::parallel_sort_mwms_pu<false, true, __gnu_cxx::__normal_iterator<match_t*, std::vector<match_t, std::allocator<match_t> > >, by_ref>(__gnu_parallel::_PMWMSSortingData<__gnu_cxx::__normal_iterator<match_t*, std::vector<match_t, std::allocator<match_t> > > >*, by_ref&) <cycle 1> [33]
                                   1             sparseSA::MEM(std::string&, std::vector<match_t, std::allocator<match_t> >&, long long, bool, long long&, int) <cycle 1> [23]
-----------------------------------------------
                                   1             void __gnu_parallel::parallel_sort_mwms<false, true, __gnu_cxx::__normal_iterator<match_t*, std::vector<match_t, std::allocator<match_t> > >, by_ref>(__gnu_cxx::__normal_iterator<match_t*, std::vector<match_t, std::allocator<match_t> > >, __gnu_cxx::__normal_iterator<match_t*, std::vector<match_t, std::allocator<match_t> > >, by_ref, unsigned short) <cycle 1> [32]
[33]     0.0    0.00    0.00       1         void __gnu_parallel::parallel_sort_mwms_pu<false, true, __gnu_cxx::__normal_iterator<match_t*, std::vector<match_t, std::allocator<match_t> > >, by_ref>(__gnu_parallel::_PMWMSSortingData<__gnu_cxx::__normal_iterator<match_t*, std::vector<match_t, std::allocator<match_t> > > >*, by_ref&) <cycle 1> [33]
                0.00    0.00       1/1           void std::__insertion_sort<match_t*, by_ref>(match_t*, match_t*, by_ref) [39]
                0.00    0.00       1/1           __gnu_cxx::__normal_iterator<match_t*, std::vector<match_t, std::allocator<match_t> > > __gnu_parallel::__sequential_multiway_merge<false, false, __gnu_cxx::__normal_iterator<std::pair<match_t*, match_t*>*, std::vector<std::pair<match_t*, match_t*>, std::allocator<std::pair<match_t*, match_t*> > > >, __gnu_cxx::__normal_iterator<match_t*, std::vector<match_t, std::allocator<match_t> > >, long, by_ref>(__gnu_cxx::__normal_iterator<std::pair<match_t*, match_t*>*, std::vector<std::pair<match_t*, match_t*>, std::allocator<std::pair<match_t*, match_t*> > > >, __gnu_cxx::__normal_iterator<std::pair<match_t*, match_t*>*, std::vector<std::pair<match_t*, match_t*>, std::allocator<std::pair<match_t*, match_t*> > > >, __gnu_cxx::__normal_iterator<match_t*, std::vector<match_t, std::allocator<match_t> > >, std::iterator_traits<std::iterator_traits<__gnu_cxx::__normal_iterator<std::pair<match_t*, match_t*>*, std::vector<std::pair<match_t*, match_t*>, std::allocator<std::pair<match_t*, match_t*> > > > >::value_type::first_type>::value_type const&, long, by_ref) [34]
                0.00    0.00       1/1           void __gnu_parallel::multiseq_partition<__gnu_cxx::__normal_iterator<std::pair<match_t*, match_t*>*, std::vector<std::pair<match_t*, match_t*>, std::allocator<std::pair<match_t*, match_t*> > > >, long, __gnu_cxx::__normal_iterator<match_t**, std::vector<match_t*, std::allocator<match_t*> > >, by_ref>(__gnu_cxx::__normal_iterator<std::pair<match_t*, match_t*>*, std::vector<std::pair<match_t*, match_t*>, std::allocator<std::pair<match_t*, match_t*> > > >, __gnu_cxx::__normal_iterator<std::pair<match_t*, match_t*>*, std::vector<std::pair<match_t*, match_t*>, std::allocator<std::pair<match_t*, match_t*> > > >, long, __gnu_cxx::__normal_iterator<match_t**, std::vector<match_t*, std::allocator<match_t*> > >, by_ref) [31]
                                   2             sparseSA::MEM(std::string&, std::vector<match_t, std::allocator<match_t> >&, long long, bool, long long&, int) <cycle 1> [23]
-----------------------------------------------
                0.00    0.00       1/1           void __gnu_parallel::parallel_sort_mwms_pu<false, true, __gnu_cxx::__normal_iterator<match_t*, std::vector<match_t, std::allocator<match_t> > >, by_ref>(__gnu_parallel::_PMWMSSortingData<__gnu_cxx::__normal_iterator<match_t*, std::vector<match_t, std::allocator<match_t> > > >*, by_ref&) <cycle 1> [33]
[34]     0.0    0.00    0.00       1         __gnu_cxx::__normal_iterator<match_t*, std::vector<match_t, std::allocator<match_t> > > __gnu_parallel::__sequential_multiway_merge<false, false, __gnu_cxx::__normal_iterator<std::pair<match_t*, match_t*>*, std::vector<std::pair<match_t*, match_t*>, std::allocator<std::pair<match_t*, match_t*> > > >, __gnu_cxx::__normal_iterator<match_t*, std::vector<match_t, std::allocator<match_t> > >, long, by_ref>(__gnu_cxx::__normal_iterator<std::pair<match_t*, match_t*>*, std::vector<std::pair<match_t*, match_t*>, std::allocator<std::pair<match_t*, match_t*> > > >, __gnu_cxx::__normal_iterator<std::pair<match_t*, match_t*>*, std::vector<std::pair<match_t*, match_t*>, std::allocator<std::pair<match_t*, match_t*> > > >, __gnu_cxx::__normal_iterator<match_t*, std::vector<match_t, std::allocator<match_t> > >, std::iterator_traits<std::iterator_traits<__gnu_cxx::__normal_iterator<std::pair<match_t*, match_t*>*, std::vector<std::pair<match_t*, match_t*>, std::allocator<std::pair<match_t*, match_t*> > > > >::value_type::first_type>::value_type const&, long, by_ref) [34]
-----------------------------------------------
                0.00    0.00       1/1           main [5]
[35]     0.0    0.00    0.00       1         sparseSA::~sparseSA() [35]
-----------------------------------------------
                0.00    0.00       1/1           main [5]
[36]     0.0    0.00    0.00       1         std::vector<std::string, std::allocator<std::string> >::~vector() [36]
-----------------------------------------------
                0.00    0.00       1/1           void __gnu_parallel::multiseq_partition<__gnu_cxx::__normal_iterator<std::pair<match_t*, match_t*>*, std::vector<std::pair<match_t*, match_t*>, std::allocator<std::pair<match_t*, match_t*> > > >, long, __gnu_cxx::__normal_iterator<match_t**, std::vector<match_t*, std::allocator<match_t*> > >, by_ref>(__gnu_cxx::__normal_iterator<std::pair<match_t*, match_t*>*, std::vector<std::pair<match_t*, match_t*>, std::allocator<std::pair<match_t*, match_t*> > > >, __gnu_cxx::__normal_iterator<std::pair<match_t*, match_t*>*, std::vector<std::pair<match_t*, match_t*>, std::allocator<std::pair<match_t*, match_t*> > > >, long, __gnu_cxx::__normal_iterator<match_t**, std::vector<match_t*, std::allocator<match_t*> > >, by_ref) [31]
[37]     0.0    0.00    0.00       1         void std::__adjust_heap<__gnu_cxx::__normal_iterator<std::pair<match_t, long>*, std::vector<std::pair<match_t, long>, std::allocator<std::pair<match_t, long> > > >, long, std::pair<match_t, long>, __gnu_parallel::_Lexicographic<match_t, long, by_ref> >(__gnu_cxx::__normal_iterator<std::pair<match_t, long>*, std::vector<std::pair<match_t, long>, std::allocator<std::pair<match_t, long> > > >, long, long, std::pair<match_t, long>, __gnu_parallel::_Lexicographic<match_t, long, by_ref>) [37]
-----------------------------------------------
                0.00    0.00       1/1           void __gnu_parallel::multiseq_partition<__gnu_cxx::__normal_iterator<std::pair<match_t*, match_t*>*, std::vector<std::pair<match_t*, match_t*>, std::allocator<std::pair<match_t*, match_t*> > > >, long, __gnu_cxx::__normal_iterator<match_t**, std::vector<match_t*, std::allocator<match_t*> > >, by_ref>(__gnu_cxx::__normal_iterator<std::pair<match_t*, match_t*>*, std::vector<std::pair<match_t*, match_t*>, std::allocator<std::pair<match_t*, match_t*> > > >, __gnu_cxx::__normal_iterator<std::pair<match_t*, match_t*>*, std::vector<std::pair<match_t*, match_t*>, std::allocator<std::pair<match_t*, match_t*> > > >, long, __gnu_cxx::__normal_iterator<match_t**, std::vector<match_t*, std::allocator<match_t*> > >, by_ref) [31]
[38]     0.0    0.00    0.00       1         void std::__insertion_sort<__gnu_cxx::__normal_iterator<std::pair<match_t, long>*, std::vector<std::pair<match_t, long>, std::allocator<std::pair<match_t, long> > > >, __gnu_parallel::_Lexicographic<match_t, long, by_ref> >(__gnu_cxx::__normal_iterator<std::pair<match_t, long>*, std::vector<std::pair<match_t, long>, std::allocator<std::pair<match_t, long> > > >, __gnu_cxx::__normal_iterator<std::pair<match_t, long>*, std::vector<std::pair<match_t, long>, std::allocator<std::pair<match_t, long> > > >, __gnu_parallel::_Lexicographic<match_t, long, by_ref>) [38]
                0.00    0.00       1/1           suffixsort(int*, int*, int, int, int) [30]
-----------------------------------------------
                0.00    0.00       1/1           void __gnu_parallel::parallel_sort_mwms_pu<false, true, __gnu_cxx::__normal_iterator<match_t*, std::vector<match_t, std::allocator<match_t> > >, by_ref>(__gnu_parallel::_PMWMSSortingData<__gnu_cxx::__normal_iterator<match_t*, std::vector<match_t, std::allocator<match_t> > > >*, by_ref&) <cycle 1> [33]
[39]     0.0    0.00    0.00       1         void std::__insertion_sort<match_t*, by_ref>(match_t*, match_t*, by_ref) [39]
-----------------------------------------------
                0.00    0.00       1/1           void __gnu_parallel::multiseq_partition<__gnu_cxx::__normal_iterator<std::pair<match_t*, match_t*>*, std::vector<std::pair<match_t*, match_t*>, std::allocator<std::pair<match_t*, match_t*> > > >, long, __gnu_cxx::__normal_iterator<match_t**, std::vector<match_t*, std::allocator<match_t*> > >, by_ref>(__gnu_cxx::__normal_iterator<std::pair<match_t*, match_t*>*, std::vector<std::pair<match_t*, match_t*>, std::allocator<std::pair<match_t*, match_t*> > > >, __gnu_cxx::__normal_iterator<std::pair<match_t*, match_t*>*, std::vector<std::pair<match_t*, match_t*>, std::allocator<std::pair<match_t*, match_t*> > > >, long, __gnu_cxx::__normal_iterator<match_t**, std::vector<match_t*, std::allocator<match_t*> > >, by_ref) [31]
[40]     0.0    0.00    0.00       1         void std::__introsort_loop<__gnu_cxx::__normal_iterator<std::pair<match_t, long>*, std::vector<std::pair<match_t, long>, std::allocator<std::pair<match_t, long> > > >, long, __gnu_parallel::_Lexicographic<match_t, long, by_ref> >(__gnu_cxx::__normal_iterator<std::pair<match_t, long>*, std::vector<std::pair<match_t, long>, std::allocator<std::pair<match_t, long> > > >, __gnu_cxx::__normal_iterator<std::pair<match_t, long>*, std::vector<std::pair<match_t, long>, std::allocator<std::pair<match_t, long> > > >, long, __gnu_parallel::_Lexicographic<match_t, long, by_ref>) [40]
-----------------------------------------------
                0.00    0.00       1/1           void __gnu_parallel::multiseq_partition<__gnu_cxx::__normal_iterator<std::pair<match_t*, match_t*>*, std::vector<std::pair<match_t*, match_t*>, std::allocator<std::pair<match_t*, match_t*> > > >, long, __gnu_cxx::__normal_iterator<match_t**, std::vector<match_t*, std::allocator<match_t*> > >, by_ref>(__gnu_cxx::__normal_iterator<std::pair<match_t*, match_t*>*, std::vector<std::pair<match_t*, match_t*>, std::allocator<std::pair<match_t*, match_t*> > > >, __gnu_cxx::__normal_iterator<std::pair<match_t*, match_t*>*, std::vector<std::pair<match_t*, match_t*>, std::allocator<std::pair<match_t*, match_t*> > > >, long, __gnu_cxx::__normal_iterator<match_t**, std::vector<match_t*, std::allocator<match_t*> > >, by_ref) [31]
[41]     0.0    0.00    0.00       1         void std::make_heap<__gnu_cxx::__normal_iterator<std::pair<match_t, long>*, std::vector<std::pair<match_t, long>, std::allocator<std::pair<match_t, long> > > >, __gnu_parallel::_Lexicographic<match_t, long, by_ref> >(__gnu_cxx::__normal_iterator<std::pair<match_t, long>*, std::vector<std::pair<match_t, long>, std::allocator<std::pair<match_t, long> > > >, __gnu_cxx::__normal_iterator<std::pair<match_t, long>*, std::vector<std::pair<match_t, long>, std::allocator<std::pair<match_t, long> > > >, __gnu_parallel::_Lexicographic<match_t, long, by_ref>) [41]
-----------------------------------------------

 This table describes the call tree of the program, and was sorted by
 the total amount of time spent in each function and its children.

 Each entry in this table consists of several lines.  The line with the
 index number at the left hand margin lists the current function.
 The lines above it list the functions that called this function,
 and the lines below it list the functions this one called.
 This line lists:
     index	A unique number given to each element of the table.
		Index numbers are sorted numerically.
		The index number is printed next to every function name so
		it is easier to look up where the function in the table.

     % time	This is the percentage of the `total' time that was spent
		in this function and its children.  Note that due to
		different viewpoints, functions excluded by options, etc,
		these numbers will NOT add up to 100%.

     self	This is the total amount of time spent in this function.

     children	This is the total amount of time propagated into this
		function by its children.

     called	This is the number of times the function was called.
		If the function called itself recursively, the number
		only includes non-recursive calls, and is followed by
		a `+' and the number of recursive calls.

     name	The name of the current function.  The index number is
		printed after it.  If the function is a member of a
		cycle, the cycle number is printed between the
		function's name and the index number.


 For the function's parents, the fields have the following meanings:

     self	This is the amount of time that was propagated directly
		from the function into this parent.

     children	This is the amount of time that was propagated from
		the function's children into this parent.

     called	This is the number of times this parent called the
		function `/' the total number of times the function
		was called.  Recursive calls to the function are not
		included in the number after the `/'.

     name	This is the name of the parent.  The parent's index
		number is printed after it.  If the parent is a
		member of a cycle, the cycle number is printed between
		the name and the index number.

 If the parents of the function cannot be determined, the word
 `<spontaneous>' is printed in the `name' field, and all the other
 fields are blank.

 For the function's children, the fields have the following meanings:

     self	This is the amount of time that was propagated directly
		from the child into the function.

     children	This is the amount of time that was propagated from the
		child's children to the function.

     called	This is the number of times the function called
		this child `/' the total number of times the child
		was called.  Recursive calls by the child are not
		listed in the number after the `/'.

     name	This is the name of the child.  The child's index
		number is printed after it.  If the child is a
		member of a cycle, the cycle number is printed
		between the name and the index number.

 If there are any cycles (circles) in the call graph, there is an
 entry for the cycle-as-a-whole.  This entry shows who called the
 cycle (as parents) and the members of the cycle (as children.)
 The `+' recursive calls entry shows the number of function calls that
 were internal to the cycle, and the calls entry for each member shows,
 for that member, how many times it was called from other members of
 the cycle.


Index by function name

  [27] _GLOBAL__sub_I__Z18reverse_complementRSsb [4] sparseSA::print_match(match_t, std::vector<match_t, std::allocator<match_t> >&) [24] void std::__push_heap<__gnu_cxx::__normal_iterator<std::pair<match_t, long>*, std::vector<std::pair<match_t, long>, std::allocator<std::pair<match_t, long> > > >, long, std::pair<match_t, long>, __gnu_parallel::_Lexicographic<match_t, long, by_ref> >(__gnu_cxx::__normal_iterator<std::pair<match_t, long>*, std::vector<std::pair<match_t, long>, std::allocator<std::pair<match_t, long> > > >, long, long, std::pair<match_t, long>, __gnu_parallel::_Lexicographic<match_t, long, by_ref>)
  [28] _GLOBAL__sub_I_cout_mutex [23] sparseSA::MEM(std::string&, std::vector<match_t, std::allocator<match_t> >&, long long, bool, long long&, int) [20] void std::__push_heap<__gnu_cxx::__normal_iterator<std::pair<match_t, long>*, std::vector<std::pair<match_t, long>, std::allocator<std::pair<match_t, long> > > >, long, std::pair<match_t, long>, __gnu_parallel::_LexicographicReverse<match_t, long, by_ref> >(__gnu_cxx::__normal_iterator<std::pair<match_t, long>*, std::vector<std::pair<match_t, long>, std::allocator<std::pair<match_t, long> > > >, long, long, std::pair<match_t, long>, __gnu_parallel::_LexicographicReverse<match_t, long, by_ref>)
  [29] _GLOBAL__sub_I_min_len  [6] sparseSA::sparseSA(std::string&, std::vector<std::string, std::allocator<std::string> >&, std::vector<long long, std::allocator<long long> >&, bool, long long, bool, bool, int, bool) [37] void std::__adjust_heap<__gnu_cxx::__normal_iterator<std::pair<match_t, long>*, std::vector<std::pair<match_t, long>, std::allocator<std::pair<match_t, long> > > >, long, std::pair<match_t, long>, __gnu_parallel::_Lexicographic<match_t, long, by_ref> >(__gnu_cxx::__normal_iterator<std::pair<match_t, long>*, std::vector<std::pair<match_t, long>, std::allocator<std::pair<match_t, long> > > >, long, long, std::pair<match_t, long>, __gnu_parallel::_Lexicographic<match_t, long, by_ref>)
  [30] suffixsort(int*, int*, int, int, int) [35] sparseSA::~sparseSA() [22] void std::__adjust_heap<__gnu_cxx::__normal_iterator<std::pair<match_t, long>*, std::vector<std::pair<match_t, long>, std::allocator<std::pair<match_t, long> > > >, long, std::pair<match_t, long>, __gnu_parallel::_LexicographicReverse<match_t, long, by_ref> >(__gnu_cxx::__normal_iterator<std::pair<match_t, long>*, std::vector<std::pair<match_t, long>, std::allocator<std::pair<match_t, long> > > >, long, long, std::pair<match_t, long>, __gnu_parallel::_LexicographicReverse<match_t, long, by_ref>)
   [1] query_thread(void*)    [16] std::_Hashtable<std::string, std::pair<std::string const, interval_t>, std::allocator<std::pair<std::string const, interval_t> >, std::__detail::_Select1st, std::equal_to<std::string>, hashMmH3, std::__detail::_Mod_range_hashing, std::__detail::_Default_ranged_hash, std::__detail::_Prime_rehash_policy, std::__detail::_Hashtable_traits<true, false, true> >::_M_insert_unique_node(unsigned long, unsigned long, std::__detail::_Hash_node<std::pair<std::string const, interval_t>, true>*) [17] void std::__adjust_heap<match_t*, long, match_t, by_ref>(match_t*, long, long, match_t, by_ref)
  [15] trim(std::string&, long&, long&) [25] void std::vector<match_t, std::allocator<match_t> >::_M_range_insert<__gnu_cxx::__normal_iterator<match_t*, std::vector<match_t, std::allocator<match_t> > > >(__gnu_cxx::__normal_iterator<match_t*, std::vector<match_t, std::allocator<match_t> > >, __gnu_cxx::__normal_iterator<match_t*, std::vector<match_t, std::allocator<match_t> > >, __gnu_cxx::__normal_iterator<match_t*, std::vector<match_t, std::allocator<match_t> > >, std::forward_iterator_tag) [38] void std::__insertion_sort<__gnu_cxx::__normal_iterator<std::pair<match_t, long>*, std::vector<std::pair<match_t, long>, std::allocator<std::pair<match_t, long> > > >, __gnu_parallel::_Lexicographic<match_t, long, by_ref> >(__gnu_cxx::__normal_iterator<std::pair<match_t, long>*, std::vector<std::pair<match_t, long>, std::allocator<std::pair<match_t, long> > > >, __gnu_cxx::__normal_iterator<std::pair<match_t, long>*, std::vector<std::pair<match_t, long>, std::allocator<std::pair<match_t, long> > > >, __gnu_parallel::_Lexicographic<match_t, long, by_ref>)
   [2] MEMthread(void*)       [18] void std::vector<match_t, std::allocator<match_t> >::_M_emplace_back_aux<match_t const&>(match_t const&&&) [39] void std::__insertion_sort<match_t*, by_ref>(match_t*, match_t*, by_ref)
  [31] void __gnu_parallel::multiseq_partition<__gnu_cxx::__normal_iterator<std::pair<match_t*, match_t*>*, std::vector<std::pair<match_t*, match_t*>, std::allocator<std::pair<match_t*, match_t*> > > >, long, __gnu_cxx::__normal_iterator<match_t**, std::vector<match_t*, std::allocator<match_t*> > >, by_ref>(__gnu_cxx::__normal_iterator<std::pair<match_t*, match_t*>*, std::vector<std::pair<match_t*, match_t*>, std::allocator<std::pair<match_t*, match_t*> > > >, __gnu_cxx::__normal_iterator<std::pair<match_t*, match_t*>*, std::vector<std::pair<match_t*, match_t*>, std::allocator<std::pair<match_t*, match_t*> > > >, long, __gnu_cxx::__normal_iterator<match_t**, std::vector<match_t*, std::allocator<match_t*> > >, by_ref) [26] std::vector<__gnu_parallel::_Piece<long>, std::allocator<__gnu_parallel::_Piece<long> > >::_M_default_append(unsigned long) [40] void std::__introsort_loop<__gnu_cxx::__normal_iterator<std::pair<match_t, long>*, std::vector<std::pair<match_t, long>, std::allocator<std::pair<match_t, long> > > >, long, __gnu_parallel::_Lexicographic<match_t, long, by_ref> >(__gnu_cxx::__normal_iterator<std::pair<match_t, long>*, std::vector<std::pair<match_t, long>, std::allocator<std::pair<match_t, long> > > >, __gnu_cxx::__normal_iterator<std::pair<match_t, long>*, std::vector<std::pair<match_t, long>, std::allocator<std::pair<match_t, long> > > >, long, __gnu_parallel::_Lexicographic<match_t, long, by_ref>)
  [32] void __gnu_parallel::parallel_sort_mwms<false, true, __gnu_cxx::__normal_iterator<match_t*, std::vector<match_t, std::allocator<match_t> > >, by_ref>(__gnu_cxx::__normal_iterator<match_t*, std::vector<match_t, std::allocator<match_t> > >, __gnu_cxx::__normal_iterator<match_t*, std::vector<match_t, std::allocator<match_t> > >, by_ref, unsigned short) [19] void std::vector<vec_uchar::item_t, std::allocator<vec_uchar::item_t> >::_M_emplace_back_aux<vec_uchar::item_t>(vec_uchar::item_t&&) [41] void std::make_heap<__gnu_cxx::__normal_iterator<std::pair<match_t, long>*, std::vector<std::pair<match_t, long>, std::allocator<std::pair<match_t, long> > > >, __gnu_parallel::_Lexicographic<match_t, long, by_ref> >(__gnu_cxx::__normal_iterator<std::pair<match_t, long>*, std::vector<std::pair<match_t, long>, std::allocator<std::pair<match_t, long> > > >, __gnu_cxx::__normal_iterator<std::pair<match_t, long>*, std::vector<std::pair<match_t, long>, std::allocator<std::pair<match_t, long> > > >, __gnu_parallel::_Lexicographic<match_t, long, by_ref>)
  [33] void __gnu_parallel::parallel_sort_mwms_pu<false, true, __gnu_cxx::__normal_iterator<match_t*, std::vector<match_t, std::allocator<match_t> > >, by_ref>(__gnu_parallel::_PMWMSSortingData<__gnu_cxx::__normal_iterator<match_t*, std::vector<match_t, std::allocator<match_t> > > >*, by_ref&) [36] std::vector<std::string, std::allocator<std::string> >::~vector() [8] <cycle 1>
  [34] __gnu_cxx::__normal_iterator<match_t*, std::vector<match_t, std::allocator<match_t> > > __gnu_parallel::__sequential_multiway_merge<false, false, __gnu_cxx::__normal_iterator<std::pair<match_t*, match_t*>*, std::vector<std::pair<match_t*, match_t*>, std::allocator<std::pair<match_t*, match_t*> > > >, __gnu_cxx::__normal_iterator<match_t*, std::vector<match_t, std::allocator<match_t> > >, long, by_ref>(__gnu_cxx::__normal_iterator<std::pair<match_t*, match_t*>*, std::vector<std::pair<match_t*, match_t*>, std::allocator<std::pair<match_t*, match_t*> > > >, __gnu_cxx::__normal_iterator<std::pair<match_t*, match_t*>*, std::vector<std::pair<match_t*, match_t*>, std::allocator<std::pair<match_t*, match_t*> > > >, __gnu_cxx::__normal_iterator<match_t*, std::vector<match_t, std::allocator<match_t> > >, std::iterator_traits<std::iterator_traits<__gnu_cxx::__normal_iterator<std::pair<match_t*, match_t*>*, std::vector<std::pair<match_t*, match_t*>, std::allocator<std::pair<match_t*, match_t*> > > > >::value_type::first_type>::value_type const&, long, by_ref) [21] void std::vector<std::pair<match_t, long>, std::allocator<std::pair<match_t, long> > >::_M_emplace_back_aux<std::pair<match_t, long> >(std::pair<match_t, long>&&)
   [3] sparseSA::MUMParallel(std::string&, int, std::vector<match_t, std::allocator<match_t> >&, long long, long long&, bool) [7] std::__detail::_Map_base<std::string, std::pair<std::string const, interval_t>, std::allocator<std::pair<std::string const, interval_t> >, std::__detail::_Select1st, std::equal_to<std::string>, hashMmH3, std::__detail::_Mod_range_hashing, std::__detail::_Default_ranged_hash, std::__detail::_Prime_rehash_policy, std::__detail::_Hashtable_traits<true, false, true>, true>::operator[](std::string const&)
